---------- Begin SLURM Prolog ----------
Job ID:        5666509
Username:      andreeki
Accountname:   lc_dvc
Name:          tmp.sh
Partition:     main
Nodelist:      hpc3777
TasksPerNode:  1
CPUsPerTask:   Default[1]
TMPDIR:        /tmp/5666509.main
SCRATCHDIR:    /staging/scratch/5666509
Cluster:       uschpc
HSDA Account:  false
---------- 2020-01-13 15:13:38 ---------
── Attaching packages ─────────────────────────────────────── tidyverse 1.2.1 ──
✔ ggplot2 3.2.1     ✔ purrr   0.3.2
✔ tibble  2.1.3     ✔ dplyr   0.8.3
✔ tidyr   0.8.3     ✔ stringr 1.3.1
✔ readr   1.1.1     ✔ forcats 0.3.0
── Conflicts ────────────────────────────────────────── tidyverse_conflicts() ──
✖ dplyr::filter() masks stats::filter()
✖ dplyr::lag()    masks stats::lag()

Attaching package: ‘data.table’

The following objects are masked from ‘package:dplyr’:

    between, first, last

The following object is masked from ‘package:purrr’:

    transpose

[1] 0
